2022-04-08 13:48:08 Fri INFO   com.ey.wamacademy.capstoneapi.CapstoneApiApplication ~ Starting CapstoneApiApplication using Java 17.0.1 on IN3193094W1 with PID 7084 (C:\Users\MY156TV\Documents\workspace-spring-tool-suite-4-4.13.1.RELEASE\capstone-api\target\classes started by MY156TV in C:\Users\MY156TV\Documents\workspace-spring-tool-suite-4-4.13.1.RELEASE\capstone-api)
2022-04-08 13:48:08 Fri INFO   com.ey.wamacademy.capstoneapi.CapstoneApiApplication ~ No active profile set, falling back to 1 default profile: "default"
2022-04-08 13:48:08 Fri INFO   org.springframework.boot.devtools.env.DevToolsPropertyDefaultsPostProcessor ~ Devtools property defaults active! Set 'spring.devtools.add-properties' to 'false' to disable
2022-04-08 13:48:08 Fri INFO   org.springframework.boot.devtools.env.DevToolsPropertyDefaultsPostProcessor ~ For additional web related logging consider setting the 'logging.level.web' property to 'DEBUG'
2022-04-08 13:48:10 Fri INFO   org.springframework.boot.web.embedded.tomcat.TomcatWebServer ~ Tomcat initialized with port(s): 2022 (http)
2022-04-08 13:48:10 Fri INFO   org.apache.catalina.core.StandardService ~ Starting service [Tomcat]
2022-04-08 13:48:10 Fri INFO   org.apache.catalina.core.StandardEngine ~ Starting Servlet engine: [Apache Tomcat/9.0.60]
2022-04-08 13:48:11 Fri INFO   org.apache.jasper.servlet.TldScanner ~ At least one JAR was scanned for TLDs yet contained no TLDs. Enable debug logging for this logger for a complete list of JARs that were scanned but no TLDs were found in them. Skipping unneeded JARs during scanning can improve startup time and JSP compilation time.
2022-04-08 13:48:11 Fri INFO   org.apache.catalina.core.ContainerBase.[Tomcat].[localhost].[/] ~ Initializing Spring embedded WebApplicationContext
2022-04-08 13:48:11 Fri INFO   org.springframework.boot.web.servlet.context.ServletWebServerApplicationContext ~ Root WebApplicationContext: initialization completed in 2612 ms
2022-04-08 13:48:12 Fri INFO   org.springframework.boot.devtools.autoconfigure.OptionalLiveReloadServer ~ LiveReload server is running on port 35729
2022-04-08 13:48:12 Fri INFO   org.springframework.boot.web.embedded.tomcat.TomcatWebServer ~ Tomcat started on port(s): 2022 (http) with context path ''
2022-04-08 13:48:12 Fri INFO   com.ey.wamacademy.capstoneapi.CapstoneApiApplication ~ Started CapstoneApiApplication in 4.445 seconds (JVM running for 7.288)
2022-04-08 13:49:00 Fri INFO   org.apache.catalina.core.ContainerBase.[Tomcat].[localhost].[/] ~ Initializing Spring DispatcherServlet 'dispatcherServlet'
2022-04-08 13:49:00 Fri INFO   org.springframework.web.servlet.DispatcherServlet ~ Initializing Servlet 'dispatcherServlet'
2022-04-08 13:49:00 Fri INFO   org.springframework.web.servlet.DispatcherServlet ~ Completed initialization in 1 ms
2022-04-08 13:49:00 Fri INFO   com.ey.wamacademy.capstoneapi.controller.MainController ~ Inside View All Method
2022-04-08 13:49:01 Fri TRACE  com.ey.wamacademy.capstoneapi.controller.MainController ~ All records fetched
2022-04-08 13:52:16 Fri INFO   com.ey.wamacademy.capstoneapi.CapstoneApiApplication ~ Starting CapstoneApiApplication using Java 17.0.1 on IN3193094W1 with PID 7084 (C:\Users\MY156TV\Documents\workspace-spring-tool-suite-4-4.13.1.RELEASE\capstone-api\target\classes started by MY156TV in C:\Users\MY156TV\Documents\workspace-spring-tool-suite-4-4.13.1.RELEASE\capstone-api)
2022-04-08 13:52:16 Fri INFO   com.ey.wamacademy.capstoneapi.CapstoneApiApplication ~ No active profile set, falling back to 1 default profile: "default"
2022-04-08 13:52:16 Fri INFO   org.springframework.boot.web.embedded.tomcat.TomcatWebServer ~ Tomcat initialized with port(s): 2022 (http)
2022-04-08 13:52:16 Fri INFO   org.apache.catalina.core.StandardService ~ Starting service [Tomcat]
2022-04-08 13:52:16 Fri INFO   org.apache.catalina.core.StandardEngine ~ Starting Servlet engine: [Apache Tomcat/9.0.60]
2022-04-08 13:52:17 Fri INFO   org.apache.jasper.servlet.TldScanner ~ At least one JAR was scanned for TLDs yet contained no TLDs. Enable debug logging for this logger for a complete list of JARs that were scanned but no TLDs were found in them. Skipping unneeded JARs during scanning can improve startup time and JSP compilation time.
2022-04-08 13:52:17 Fri INFO   org.apache.catalina.core.ContainerBase.[Tomcat].[localhost].[/] ~ Initializing Spring embedded WebApplicationContext
2022-04-08 13:52:17 Fri INFO   org.springframework.boot.web.servlet.context.ServletWebServerApplicationContext ~ Root WebApplicationContext: initialization completed in 665 ms
2022-04-08 13:52:17 Fri INFO   org.springframework.boot.devtools.autoconfigure.OptionalLiveReloadServer ~ LiveReload server is running on port 35729
2022-04-08 13:52:17 Fri INFO   org.springframework.boot.web.embedded.tomcat.TomcatWebServer ~ Tomcat started on port(s): 2022 (http) with context path ''
2022-04-08 13:52:17 Fri INFO   com.ey.wamacademy.capstoneapi.CapstoneApiApplication ~ Started CapstoneApiApplication in 0.958 seconds (JVM running for 252.167)
2022-04-08 13:52:17 Fri INFO   org.springframework.boot.devtools.autoconfigure.ConditionEvaluationDeltaLoggingListener ~ Condition evaluation unchanged
